<?xml version="1.0" encoding="UTF-8"?>
<!-- Generated by org.testng.reporters.JUnitXMLReporter -->
<testsuite ignored="1" hostname="DESKTOP-9AGCCTE" failures="0" tests="3" name="Test ttt" time="0.045" errors="0" timestamp="2024-03-04T19:31:16 IST">
  <testcase classname="Sample1.Travels" name="Flight" time="0.005"/>
  <testcase classname="Sample1.Travels" name="NoTravel" time="0.003"/>
  <testcase classname="Sample1.Travels" name="Train" time="0.001"/>
  <testcase classname="Sample1.Travels" name="Bus" time="0.0">
    <ignored/>
  </testcase> <!-- Bus -->
</testsuite> <!-- Test ttt -->
