<?xml version="1.0" encoding="UTF-8"?>
<!-- Generated by org.testng.reporters.JUnitXMLReporter -->
<testsuite ignored="3" hostname="DESKTOP-9AGCCTE" failures="0" tests="1" name="Test" time="0.045" errors="0" timestamp="2024-03-04T19:33:20 IST">
  <testcase classname="Sample1.Work" name="Hybrid" time="0.006"/>
  <testcase classname="Sample1.Work" name="WorkFromOffice" time="0.0">
    <ignored/>
  </testcase> <!-- WorkFromOffice -->
  <testcase classname="Sample1.Work" name="WorkatWeekend" time="0.0">
    <ignored/>
  </testcase> <!-- WorkatWeekend -->
  <testcase classname="Sample1.Work" name="WorkFromHome" time="0.0">
    <ignored/>
  </testcase> <!-- WorkFromHome -->
</testsuite> <!-- Test -->
